<?xml version="1.0" encoding="UTF-8"?>
<!-- Generated by org.testng.reporters.JUnitXMLReporter -->
<testsuite hostname="DESKTOP-O05AUGE" name="Test" tests="7" failures="0" timestamp="6 Apr 2017 16:20:53 GMT" time="7.401" errors="0">
  <testcase name="@BeforeMethod launch" time="0.0" classname="com.ThinkTime.scripts.TestPresenceOfElements">
    <failure type="org.openqa.selenium.WebDriverException" message="unknown error: cannot get automation extension
from chrome not reachable
  (Session info: chrome=57.0.2987.133)
  (Driver info: chromedriver=2.29.461591 (62ebf098771772160f391d75e589dc567915b233),platform=Windows NT 10.0.14393 x86_64) (WARNING: The server did not provide any stacktrace information)
Command duration or timeout: 4.04 seconds
Build info: version: &amp;apos;3.0.1&amp;apos;, revision: &amp;apos;1969d75&amp;apos;, time: &amp;apos;2016-10-18 09:49:13 -0700&amp;apos;
System info: host: &amp;apos;DESKTOP-O05AUGE&amp;apos;, ip: &amp;apos;192.168.1.8&amp;apos;, os.name: &amp;apos;Windows 10&amp;apos;, os.arch: &amp;apos;amd64&amp;apos;, os.version: &amp;apos;10.0&amp;apos;, java.version: &amp;apos;1.8.0_112&amp;apos;
Driver info: org.openqa.selenium.chrome.ChromeDriver
Capabilities [{applicationCacheEnabled=false, rotatable=false, mobileEmulationEnabled=false, networkConnectionEnabled=false, chrome={chromedriverVersion=2.29.461591 (62ebf098771772160f391d75e589dc567915b233), userDataDir=C:\Users\ROHITP~1\AppData\Local\Temp\scoped_dir2888_12735}, takesHeapSnapshot=true, pageLoadStrategy=normal, databaseEnabled=false, handlesAlerts=true, hasTouchScreen=false, version=57.0.2987.133, platform=XP, browserConnectionEnabled=false, nativeEvents=true, acceptSslCerts=true, locationContextEnabled=true, webStorageEnabled=true, browserName=chrome, takesScreenshot=true, javascriptEnabled=true, cssSelectorsEnabled=true, unexpectedAlertBehaviour=}]
Session ID: d9ba8e42d6caca0d891723420cdcbac7">
      <![CDATA[org.openqa.selenium.WebDriverException: unknown error: cannot get automation extension
from chrome not reachable
  (Session info: chrome=57.0.2987.133)
  (Driver info: chromedriver=2.29.461591 (62ebf098771772160f391d75e589dc567915b233),platform=Windows NT 10.0.14393 x86_64) (WARNING: The server did not provide any stacktrace information)
Command duration or timeout: 4.04 seconds
Build info: version: '3.0.1', revision: '1969d75', time: '2016-10-18 09:49:13 -0700'
System info: host: 'DESKTOP-O05AUGE', ip: '192.168.1.8', os.name: 'Windows 10', os.arch: 'amd64', os.version: '10.0', java.version: '1.8.0_112'
Driver info: org.openqa.selenium.chrome.ChromeDriver
Capabilities [{applicationCacheEnabled=false, rotatable=false, mobileEmulationEnabled=false, networkConnectionEnabled=false, chrome={chromedriverVersion=2.29.461591 (62ebf098771772160f391d75e589dc567915b233), userDataDir=C:\Users\ROHITP~1\AppData\Local\Temp\scoped_dir2888_12735}, takesHeapSnapshot=true, pageLoadStrategy=normal, databaseEnabled=false, handlesAlerts=true, hasTouchScreen=false, version=57.0.2987.133, platform=XP, browserConnectionEnabled=false, nativeEvents=true, acceptSslCerts=true, locationContextEnabled=true, webStorageEnabled=true, browserName=chrome, takesScreenshot=true, javascriptEnabled=true, cssSelectorsEnabled=true, unexpectedAlertBehaviour=}]
Session ID: d9ba8e42d6caca0d891723420cdcbac7
	at org.openqa.selenium.remote.ErrorHandler.createThrowable(ErrorHandler.java:216)
	at org.openqa.selenium.remote.ErrorHandler.throwIfResponseFailed(ErrorHandler.java:168)
	at org.openqa.selenium.remote.RemoteWebDriver.execute(RemoteWebDriver.java:635)
	at org.openqa.selenium.remote.RemoteWebDriver.execute(RemoteWebDriver.java:658)
	at org.openqa.selenium.remote.RemoteWebDriver$RemoteWebDriverOptions$RemoteWindow.maximize(RemoteWebDriver.java:882)
	at com.ThinkTime.scripts.SuperClass.launch(SuperClass.java:25)
	at org.apache.maven.surefire.testng.TestNGExecutor.run(TestNGExecutor.java:281)
	at org.apache.maven.surefire.testng.TestNGXmlTestSuite.execute(TestNGXmlTestSuite.java:75)
	at org.apache.maven.surefire.testng.TestNGProvider.invoke(TestNGProvider.java:121)
	at org.apache.maven.surefire.booter.ForkedBooter.invokeProviderInSameClassLoader(ForkedBooter.java:290)
	at org.apache.maven.surefire.booter.ForkedBooter.runSuitesInProcess(ForkedBooter.java:242)
	at org.apache.maven.surefire.booter.ForkedBooter.main(ForkedBooter.java:121)
... Removed 27 stack frames]]>
    </failure>
  </testcase> <!-- @BeforeMethod launch -->
  <testcase name="@AfterMethod quit" time="0.0" classname="com.ThinkTime.scripts.TestPresenceOfElements">
    <skipped/>
  </testcase> <!-- @AfterMethod quit -->
  <testcase name="@BeforeMethod launch" time="0.0" classname="com.ThinkTime.scripts.TestLevelBoxValues">
    <skipped/>
  </testcase> <!-- @BeforeMethod launch -->
  <testcase name="@AfterMethod quit" time="0.0" classname="com.ThinkTime.scripts.TestLevelBoxValues">
    <skipped/>
  </testcase> <!-- @AfterMethod quit -->
  <testcase name="@BeforeMethod launch" time="0.0" classname="com.ThinkTime.scripts.TestAddCorporateTaskPage">
    <skipped/>
  </testcase> <!-- @BeforeMethod launch -->
  <testcase name="@AfterMethod quit" time="0.0" classname="com.ThinkTime.scripts.TestAddCorporateTaskPage">
    <skipped/>
  </testcase> <!-- @AfterMethod quit -->
  <testcase name="@BeforeMethod launch" time="0.0" classname="com.ThinkTime.scripts.TestAddCorporateTaskPage">
    <skipped/>
  </testcase> <!-- @BeforeMethod launch -->
  <testcase name="@AfterMethod quit" time="0.0" classname="com.ThinkTime.scripts.TestAddCorporateTaskPage">
    <skipped/>
  </testcase> <!-- @AfterMethod quit -->
  <testcase name="@BeforeMethod launch" time="0.0" classname="com.ThinkTime.scripts.TestAddCorporateTaskPage">
    <skipped/>
  </testcase> <!-- @BeforeMethod launch -->
  <testcase name="@AfterMethod quit" time="0.0" classname="com.ThinkTime.scripts.TestAddCorporateTaskPage">
    <skipped/>
  </testcase> <!-- @AfterMethod quit -->
  <testcase name="@BeforeMethod launch" time="0.0" classname="com.ThinkTime.scripts.TestDashboards">
    <skipped/>
  </testcase> <!-- @BeforeMethod launch -->
  <testcase name="@AfterMethod quit" time="0.0" classname="com.ThinkTime.scripts.TestDashboards">
    <skipped/>
  </testcase> <!-- @AfterMethod quit -->
  <testcase name="@BeforeMethod launch" time="0.0" classname="com.ThinkTime.scripts.TestLoginPage">
    <skipped/>
  </testcase> <!-- @BeforeMethod launch -->
  <testcase name="@AfterMethod quit" time="0.0" classname="com.ThinkTime.scripts.TestLoginPage">
    <skipped/>
  </testcase> <!-- @AfterMethod quit -->
  <testcase name="presenceOfElement" time="0.001" classname="com.ThinkTime.scripts.TestPresenceOfElements">
    <skipped/>
  </testcase> <!-- presenceOfElement -->
  <testcase name="testLevelBoxValues" time="0.0" classname="com.ThinkTime.scripts.TestLevelBoxValues">
    <skipped/>
  </testcase> <!-- testLevelBoxValues -->
  <testcase name="testACTPage" time="0.0" classname="com.ThinkTime.scripts.TestAddCorporateTaskPage">
    <skipped/>
  </testcase> <!-- testACTPage -->
  <testcase name="testEnabledFields" time="0.0" classname="com.ThinkTime.scripts.TestAddCorporateTaskPage">
    <skipped/>
  </testcase> <!-- testEnabledFields -->
  <testcase name="testRequiredFields" time="0.0" classname="com.ThinkTime.scripts.TestAddCorporateTaskPage">
    <skipped/>
  </testcase> <!-- testRequiredFields -->
  <testcase name="testDashboards" time="0.001" classname="com.ThinkTime.scripts.TestDashboards">
    <skipped/>
  </testcase> <!-- testDashboards -->
  <testcase name="testLoginPage" time="0.002" classname="com.ThinkTime.scripts.TestLoginPage">
    <skipped/>
  </testcase> <!-- testLoginPage -->
</testsuite> <!-- Test -->
